<?xml version="1.0" encoding="UTF-8"?>
<!-- Generated by org.testng.reporters.JUnitXMLReporter -->
<testsuite ignored="1" hostname="DESKTOP-L3MJ2C4" failures="0" tests="2" name="Test" time="31.69" errors="0" timestamp="2024-07-10T05:04:08 PDT">
  <testcase classname="Vtiger.toContactReperotory2.Tocreatecontect" name="toCreateContectTest_001" time="16.888"/>
  <testcase classname="Vtiger.toContactReperotory2.ToCreateOrgnazation" name="TocreateOrgnazationTest_001" time="18.244"/>
  <testcase classname="Vtiger.Object.Reposetory2.BaseClass2" name="@BeforeSuite beforsuitclassconfig" time="0.0">
    <ignored/>
  </testcase> <!-- @BeforeSuite beforsuitclassconfig -->
</testsuite> <!-- Test -->
