<?xml version="1.0" encoding="UTF-8"?>
<testng-results ignored="0" total="1" passed="1" failed="0" skipped="0">
  <reporter-output>
    <line>
      <![CDATA[.....Database Connection Exstablished...]]>
    </line>
    <line>
      <![CDATA[Browser Maximize Successfully]]>
    </line>
    <line>
      <![CDATA[Login Successfully ]]>
    </line>
    <line>
      <![CDATA[Sing out Successfull]]>
    </line>
    <line>
      <![CDATA[Browser got Closed Successfully]]>
    </line>
  </reporter-output>
  <suite started-at="2024-07-12T22:40:51 PDT" name="Default suite" finished-at="2024-07-12T22:41:08 PDT" duration-ms="16595">
    <groups>
    </groups>
    <test started-at="2024-07-12T22:40:51 PDT" name="Default test" finished-at="2024-07-12T22:41:08 PDT" duration-ms="16595">
      <class name="Vtiger.toContactReperotory2.Tocreatecontect">
        <test-method is-config="true" signature="beforsuitclassconfig()[pri:0, instance:Vtiger.toContactReperotory2.Tocreatecontect@436813f3]" started-at="2024-07-12T22:40:51 PDT" name="beforsuitclassconfig" finished-at="2024-07-12T22:40:51 PDT" duration-ms="13" status="PASS">
          <reporter-output>
            <line>
              <![CDATA[.....Database Connection Exstablished...]]>
            </line>
          </reporter-output>
        </test-method> <!-- beforsuitclassconfig -->
        <test-method is-config="true" signature="beforclassconfig()[pri:0, instance:Vtiger.toContactReperotory2.Tocreatecontect@436813f3]" started-at="2024-07-12T22:40:51 PDT" name="beforclassconfig" finished-at="2024-07-12T22:40:55 PDT" duration-ms="4188" status="PASS">
          <reporter-output>
            <line>
              <![CDATA[Browser Maximize Successfully]]>
            </line>
          </reporter-output>
        </test-method> <!-- beforclassconfig -->
        <test-method is-config="true" signature="beforMethodConfig()[pri:0, instance:Vtiger.toContactReperotory2.Tocreatecontect@436813f3]" started-at="2024-07-12T22:40:55 PDT" name="beforMethodConfig" finished-at="2024-07-12T22:40:58 PDT" duration-ms="2492" status="PASS">
          <reporter-output>
            <line>
              <![CDATA[Login Successfully ]]>
            </line>
          </reporter-output>
        </test-method> <!-- beforMethodConfig -->
        <test-method signature="toCreateContectTest_001()[pri:0, instance:Vtiger.toContactReperotory2.Tocreatecontect@436813f3]" started-at="2024-07-12T22:40:58 PDT" name="toCreateContectTest_001" finished-at="2024-07-12T22:41:07 PDT" duration-ms="9298" status="PASS">
          <reporter-output>
          </reporter-output>
        </test-method> <!-- toCreateContectTest_001 -->
        <test-method is-config="true" signature="afterMethodConfig()[pri:0, instance:Vtiger.toContactReperotory2.Tocreatecontect@436813f3]" started-at="2024-07-12T22:41:07 PDT" name="afterMethodConfig" finished-at="2024-07-12T22:41:07 PDT" duration-ms="185" status="PASS">
          <reporter-output>
            <line>
              <![CDATA[Sing out Successfull]]>
            </line>
          </reporter-output>
        </test-method> <!-- afterMethodConfig -->
        <test-method is-config="true" signature="afterclssConfig()[pri:0, instance:Vtiger.toContactReperotory2.Tocreatecontect@436813f3]" started-at="2024-07-12T22:41:07 PDT" name="afterclssConfig" finished-at="2024-07-12T22:41:08 PDT" duration-ms="369" status="PASS">
          <reporter-output>
            <line>
              <![CDATA[Browser got Closed Successfully]]>
            </line>
          </reporter-output>
        </test-method> <!-- afterclssConfig -->
      </class> <!-- Vtiger.toContactReperotory2.Tocreatecontect -->
    </test> <!-- Default test -->
  </suite> <!-- Default suite -->
</testng-results>
